Performing C++ SOURCE FILE Test COMPILER_SUPPORT_Wshorten64to32 failed with the following output:
Change Dir: /home/yuzhang/Downloads/eigen-eigen-da9b4e14c255/build/CMakeFiles/CMakeTmp

Run Build Command:"/usr/bin/make" "cmTC_8ede2/fast"
/usr/bin/make -f CMakeFiles/cmTC_8ede2.dir/build.make CMakeFiles/cmTC_8ede2.dir/build
make[1]: Entering directory '/home/yuzhang/Downloads/eigen-eigen-da9b4e14c255/build/CMakeFiles/CMakeTmp'
Building CXX object CMakeFiles/cmTC_8ede2.dir/src.cxx.o
/usr/bin/c++     -pedantic -Wall -Wextra -Wundef -Wcast-align -Wchar-subscripts -Wnon-virtual-dtor -Wunused-local-typedefs -Wpointer-arith -Wwrite-strings -Wformat-security -DCOMPILER_SUPPORT_Wshorten64to32 -Werror   -Wshorten-64-to-32 -o CMakeFiles/cmTC_8ede2.dir/src.cxx.o -c /home/yuzhang/Downloads/eigen-eigen-da9b4e14c255/build/CMakeFiles/CMakeTmp/src.cxx
c++: error: unrecognized command line option '-Wshorten-64-to-32'
CMakeFiles/cmTC_8ede2.dir/build.make:65: recipe for target 'CMakeFiles/cmTC_8ede2.dir/src.cxx.o' failed
make[1]: *** [CMakeFiles/cmTC_8ede2.dir/src.cxx.o] Error 1
make[1]: Leaving directory '/home/yuzhang/Downloads/eigen-eigen-da9b4e14c255/build/CMakeFiles/CMakeTmp'
Makefile:126: recipe for target 'cmTC_8ede2/fast' failed
make: *** [cmTC_8ede2/fast] Error 2

Source file was:
int main() { return 0; }
Performing C++ SOURCE FILE Test COMPILER_SUPPORT_Wenumconversion failed with the following output:
Change Dir: /home/yuzhang/Downloads/eigen-eigen-da9b4e14c255/build/CMakeFiles/CMakeTmp

Run Build Command:"/usr/bin/make" "cmTC_744b9/fast"
/usr/bin/make -f CMakeFiles/cmTC_744b9.dir/build.make CMakeFiles/cmTC_744b9.dir/build
make[1]: Entering directory '/home/yuzhang/Downloads/eigen-eigen-da9b4e14c255/build/CMakeFiles/CMakeTmp'
Building CXX object CMakeFiles/cmTC_744b9.dir/src.cxx.o
/usr/bin/c++     -pedantic -Wall -Wextra -Wundef -Wcast-align -Wchar-subscripts -Wnon-virtual-dtor -Wunused-local-typedefs -Wpointer-arith -Wwrite-strings -Wformat-security -Wlogical-op -DCOMPILER_SUPPORT_Wenumconversion -Werror   -Wenum-conversion -o CMakeFiles/cmTC_744b9.dir/src.cxx.o -c /home/yuzhang/Downloads/eigen-eigen-da9b4e14c255/build/CMakeFiles/CMakeTmp/src.cxx
c++: error: unrecognized command line option '-Wenum-conversion'
CMakeFiles/cmTC_744b9.dir/build.make:65: recipe for target 'CMakeFiles/cmTC_744b9.dir/src.cxx.o' failed
make[1]: *** [CMakeFiles/cmTC_744b9.dir/src.cxx.o] Error 1
make[1]: Leaving directory '/home/yuzhang/Downloads/eigen-eigen-da9b4e14c255/build/CMakeFiles/CMakeTmp'
Makefile:126: recipe for target 'cmTC_744b9/fast' failed
make: *** [cmTC_744b9/fast] Error 2

Source file was:
int main() { return 0; }
Performing C++ SOURCE FILE Test COMPILER_SUPPORT_Wcpp11extensions failed with the following output:
Change Dir: /home/yuzhang/Downloads/eigen-eigen-da9b4e14c255/build/CMakeFiles/CMakeTmp

Run Build Command:"/usr/bin/make" "cmTC_f436b/fast"
/usr/bin/make -f CMakeFiles/cmTC_f436b.dir/build.make CMakeFiles/cmTC_f436b.dir/build
make[1]: Entering directory '/home/yuzhang/Downloads/eigen-eigen-da9b4e14c255/build/CMakeFiles/CMakeTmp'
Building CXX object CMakeFiles/cmTC_f436b.dir/src.cxx.o
/usr/bin/c++     -pedantic -Wall -Wextra -Wundef -Wcast-align -Wchar-subscripts -Wnon-virtual-dtor -Wunused-local-typedefs -Wpointer-arith -Wwrite-strings -Wformat-security -Wlogical-op -DCOMPILER_SUPPORT_Wcpp11extensions -Werror   -Wc++11-extensions -o CMakeFiles/cmTC_f436b.dir/src.cxx.o -c /home/yuzhang/Downloads/eigen-eigen-da9b4e14c255/build/CMakeFiles/CMakeTmp/src.cxx
c++: error: unrecognized command line option '-Wc++11-extensions'
CMakeFiles/cmTC_f436b.dir/build.make:65: recipe for target 'CMakeFiles/cmTC_f436b.dir/src.cxx.o' failed
make[1]: *** [CMakeFiles/cmTC_f436b.dir/src.cxx.o] Error 1
make[1]: Leaving directory '/home/yuzhang/Downloads/eigen-eigen-da9b4e14c255/build/CMakeFiles/CMakeTmp'
Makefile:126: recipe for target 'cmTC_f436b/fast' failed
make: *** [cmTC_f436b/fast] Error 2

Source file was:
int main() { return 0; }
Performing C++ SOURCE FILE Test COMPILER_SUPPORT_wd981 failed with the following output:
Change Dir: /home/yuzhang/Downloads/eigen-eigen-da9b4e14c255/build/CMakeFiles/CMakeTmp

Run Build Command:"/usr/bin/make" "cmTC_2ecf1/fast"
/usr/bin/make -f CMakeFiles/cmTC_2ecf1.dir/build.make CMakeFiles/cmTC_2ecf1.dir/build
make[1]: Entering directory '/home/yuzhang/Downloads/eigen-eigen-da9b4e14c255/build/CMakeFiles/CMakeTmp'
Building CXX object CMakeFiles/cmTC_2ecf1.dir/src.cxx.o
/usr/bin/c++     -pedantic -Wall -Wextra -Wundef -Wcast-align -Wchar-subscripts -Wnon-virtual-dtor -Wunused-local-typedefs -Wpointer-arith -Wwrite-strings -Wformat-security -Wlogical-op -Wdouble-promotion -Wno-psabi -Wno-variadic-macros -Wno-long-long -fno-check-new -fno-common -fstrict-aliasing -DCOMPILER_SUPPORT_wd981 -Werror   -wd981 -o CMakeFiles/cmTC_2ecf1.dir/src.cxx.o -c /home/yuzhang/Downloads/eigen-eigen-da9b4e14c255/build/CMakeFiles/CMakeTmp/src.cxx
c++: error: unrecognized command line option '-wd981'
CMakeFiles/cmTC_2ecf1.dir/build.make:65: recipe for target 'CMakeFiles/cmTC_2ecf1.dir/src.cxx.o' failed
make[1]: *** [CMakeFiles/cmTC_2ecf1.dir/src.cxx.o] Error 1
make[1]: Leaving directory '/home/yuzhang/Downloads/eigen-eigen-da9b4e14c255/build/CMakeFiles/CMakeTmp'
Makefile:126: recipe for target 'cmTC_2ecf1/fast' failed
make: *** [cmTC_2ecf1/fast] Error 2

Source file was:
int main() { return 0; }
Performing C++ SOURCE FILE Test COMPILER_SUPPORT_wd2304 failed with the following output:
Change Dir: /home/yuzhang/Downloads/eigen-eigen-da9b4e14c255/build/CMakeFiles/CMakeTmp

Run Build Command:"/usr/bin/make" "cmTC_d3773/fast"
/usr/bin/make -f CMakeFiles/cmTC_d3773.dir/build.make CMakeFiles/cmTC_d3773.dir/build
make[1]: Entering directory '/home/yuzhang/Downloads/eigen-eigen-da9b4e14c255/build/CMakeFiles/CMakeTmp'
Building CXX object CMakeFiles/cmTC_d3773.dir/src.cxx.o
/usr/bin/c++     -pedantic -Wall -Wextra -Wundef -Wcast-align -Wchar-subscripts -Wnon-virtual-dtor -Wunused-local-typedefs -Wpointer-arith -Wwrite-strings -Wformat-security -Wlogical-op -Wdouble-promotion -Wno-psabi -Wno-variadic-macros -Wno-long-long -fno-check-new -fno-common -fstrict-aliasing -DCOMPILER_SUPPORT_wd2304 -Werror   -wd2304 -o CMakeFiles/cmTC_d3773.dir/src.cxx.o -c /home/yuzhang/Downloads/eigen-eigen-da9b4e14c255/build/CMakeFiles/CMakeTmp/src.cxx
c++: error: unrecognized command line option '-wd2304'
CMakeFiles/cmTC_d3773.dir/build.make:65: recipe for target 'CMakeFiles/cmTC_d3773.dir/src.cxx.o' failed
make[1]: *** [CMakeFiles/cmTC_d3773.dir/src.cxx.o] Error 1
make[1]: Leaving directory '/home/yuzhang/Downloads/eigen-eigen-da9b4e14c255/build/CMakeFiles/CMakeTmp'
Makefile:126: recipe for target 'cmTC_d3773/fast' failed
make: *** [cmTC_d3773/fast] Error 2

Source file was:
int main() { return 0; }
Performing C++ SOURCE FILE Test COMPILER_SUPPORT_STRICTANSI failed with the following output:
Change Dir: /home/yuzhang/Downloads/eigen-eigen-da9b4e14c255/build/CMakeFiles/CMakeTmp

Run Build Command:"/usr/bin/make" "cmTC_2a56a/fast"
/usr/bin/make -f CMakeFiles/cmTC_2a56a.dir/build.make CMakeFiles/cmTC_2a56a.dir/build
make[1]: Entering directory '/home/yuzhang/Downloads/eigen-eigen-da9b4e14c255/build/CMakeFiles/CMakeTmp'
Building CXX object CMakeFiles/cmTC_2a56a.dir/src.cxx.o
/usr/bin/c++     -pedantic -Wall -Wextra -Wundef -Wcast-align -Wchar-subscripts -Wnon-virtual-dtor -Wunused-local-typedefs -Wpointer-arith -Wwrite-strings -Wformat-security -Wlogical-op -Wdouble-promotion -Wno-psabi -Wno-variadic-macros -Wno-long-long -fno-check-new -fno-common -fstrict-aliasing -DCOMPILER_SUPPORT_STRICTANSI -Werror   -strict-ansi -o CMakeFiles/cmTC_2a56a.dir/src.cxx.o -c /home/yuzhang/Downloads/eigen-eigen-da9b4e14c255/build/CMakeFiles/CMakeTmp/src.cxx
c++: error: unrecognized command line option '-strict-ansi'
CMakeFiles/cmTC_2a56a.dir/build.make:65: recipe for target 'CMakeFiles/cmTC_2a56a.dir/src.cxx.o' failed
make[1]: *** [CMakeFiles/cmTC_2a56a.dir/src.cxx.o] Error 1
make[1]: Leaving directory '/home/yuzhang/Downloads/eigen-eigen-da9b4e14c255/build/CMakeFiles/CMakeTmp'
Makefile:126: recipe for target 'cmTC_2a56a/fast' failed
make: *** [cmTC_2a56a/fast] Error 2

Source file was:
int main() { return 0; }
Performing C++ SOURCE FILE Test COMPILER_SUPPORT_Qunusedarguments failed with the following output:
Change Dir: /home/yuzhang/Downloads/eigen-eigen-da9b4e14c255/build/CMakeFiles/CMakeTmp

Run Build Command:"/usr/bin/make" "cmTC_c75af/fast"
/usr/bin/make -f CMakeFiles/cmTC_c75af.dir/build.make CMakeFiles/cmTC_c75af.dir/build
make[1]: Entering directory '/home/yuzhang/Downloads/eigen-eigen-da9b4e14c255/build/CMakeFiles/CMakeTmp'
Building CXX object CMakeFiles/cmTC_c75af.dir/src.cxx.o
/usr/bin/c++     -pedantic -Wall -Wextra -Wundef -Wcast-align -Wchar-subscripts -Wnon-virtual-dtor -Wunused-local-typedefs -Wpointer-arith -Wwrite-strings -Wformat-security -Wlogical-op -Wdouble-promotion -Wno-psabi -Wno-variadic-macros -Wno-long-long -fno-check-new -fno-common -fstrict-aliasing -DCOMPILER_SUPPORT_Qunusedarguments -Werror   -Qunused-arguments -o CMakeFiles/cmTC_c75af.dir/src.cxx.o -c /home/yuzhang/Downloads/eigen-eigen-da9b4e14c255/build/CMakeFiles/CMakeTmp/src.cxx
c++: error: unrecognized command line option '-Qunused-arguments'
CMakeFiles/cmTC_c75af.dir/build.make:65: recipe for target 'CMakeFiles/cmTC_c75af.dir/src.cxx.o' failed
make[1]: *** [CMakeFiles/cmTC_c75af.dir/src.cxx.o] Error 1
make[1]: Leaving directory '/home/yuzhang/Downloads/eigen-eigen-da9b4e14c255/build/CMakeFiles/CMakeTmp'
Makefile:126: recipe for target 'cmTC_c75af/fast' failed
make: *** [cmTC_c75af/fast] Error 2

Source file was:
int main() { return 0; }
Determining if the Q_WS_WIN exist failed with the following output:
Change Dir: /home/yuzhang/Downloads/eigen-eigen-da9b4e14c255/build/CMakeFiles/CMakeTmp

Run Build Command:"/usr/bin/make" "cmTC_b9b79/fast"
/usr/bin/make -f CMakeFiles/cmTC_b9b79.dir/build.make CMakeFiles/cmTC_b9b79.dir/build
make[1]: Entering directory '/home/yuzhang/Downloads/eigen-eigen-da9b4e14c255/build/CMakeFiles/CMakeTmp'
Building CXX object CMakeFiles/cmTC_b9b79.dir/CheckSymbolExists.cxx.o
/usr/bin/c++    -I/usr/include/qt4  -pedantic -Wall -Wextra -Wundef -Wcast-align -Wchar-subscripts -Wnon-virtual-dtor -Wunused-local-typedefs -Wpointer-arith -Wwrite-strings -Wformat-security -Wlogical-op -Wdouble-promotion -Wno-psabi -Wno-variadic-macros -Wno-long-long -fno-check-new -fno-common -fstrict-aliasing -ansi -O1 -g1    -o CMakeFiles/cmTC_b9b79.dir/CheckSymbolExists.cxx.o -c /home/yuzhang/Downloads/eigen-eigen-da9b4e14c255/build/CMakeFiles/CMakeTmp/CheckSymbolExists.cxx
/home/yuzhang/Downloads/eigen-eigen-da9b4e14c255/build/CMakeFiles/CMakeTmp/CheckSymbolExists.cxx: In function ‘int main(int, char**)’:
/home/yuzhang/Downloads/eigen-eigen-da9b4e14c255/build/CMakeFiles/CMakeTmp/CheckSymbolExists.cxx:8:19: error: ‘Q_WS_WIN’ was not declared in this scope
   return ((int*)(&Q_WS_WIN))[argc];
                   ^
CMakeFiles/cmTC_b9b79.dir/build.make:65: recipe for target 'CMakeFiles/cmTC_b9b79.dir/CheckSymbolExists.cxx.o' failed
make[1]: *** [CMakeFiles/cmTC_b9b79.dir/CheckSymbolExists.cxx.o] Error 1
make[1]: Leaving directory '/home/yuzhang/Downloads/eigen-eigen-da9b4e14c255/build/CMakeFiles/CMakeTmp'
Makefile:126: recipe for target 'cmTC_b9b79/fast' failed
make: *** [cmTC_b9b79/fast] Error 2

File /home/yuzhang/Downloads/eigen-eigen-da9b4e14c255/build/CMakeFiles/CMakeTmp/CheckSymbolExists.cxx:
/* */
#include <QtCore/qglobal.h>

int main(int argc, char** argv)
{
  (void)argv;
#ifndef Q_WS_WIN
  return ((int*)(&Q_WS_WIN))[argc];
#else
  (void)argc;
  return 0;
#endif
}

Determining if the Q_WS_QWS exist failed with the following output:
Change Dir: /home/yuzhang/Downloads/eigen-eigen-da9b4e14c255/build/CMakeFiles/CMakeTmp

Run Build Command:"/usr/bin/make" "cmTC_6aa4b/fast"
/usr/bin/make -f CMakeFiles/cmTC_6aa4b.dir/build.make CMakeFiles/cmTC_6aa4b.dir/build
make[1]: Entering directory '/home/yuzhang/Downloads/eigen-eigen-da9b4e14c255/build/CMakeFiles/CMakeTmp'
Building CXX object CMakeFiles/cmTC_6aa4b.dir/CheckSymbolExists.cxx.o
/usr/bin/c++    -I/usr/include/qt4  -pedantic -Wall -Wextra -Wundef -Wcast-align -Wchar-subscripts -Wnon-virtual-dtor -Wunused-local-typedefs -Wpointer-arith -Wwrite-strings -Wformat-security -Wlogical-op -Wdouble-promotion -Wno-psabi -Wno-variadic-macros -Wno-long-long -fno-check-new -fno-common -fstrict-aliasing -ansi -O1 -g1    -o CMakeFiles/cmTC_6aa4b.dir/CheckSymbolExists.cxx.o -c /home/yuzhang/Downloads/eigen-eigen-da9b4e14c255/build/CMakeFiles/CMakeTmp/CheckSymbolExists.cxx
/home/yuzhang/Downloads/eigen-eigen-da9b4e14c255/build/CMakeFiles/CMakeTmp/CheckSymbolExists.cxx: In function ‘int main(int, char**)’:
/home/yuzhang/Downloads/eigen-eigen-da9b4e14c255/build/CMakeFiles/CMakeTmp/CheckSymbolExists.cxx:8:19: error: ‘Q_WS_QWS’ was not declared in this scope
   return ((int*)(&Q_WS_QWS))[argc];
                   ^
CMakeFiles/cmTC_6aa4b.dir/build.make:65: recipe for target 'CMakeFiles/cmTC_6aa4b.dir/CheckSymbolExists.cxx.o' failed
make[1]: *** [CMakeFiles/cmTC_6aa4b.dir/CheckSymbolExists.cxx.o] Error 1
make[1]: Leaving directory '/home/yuzhang/Downloads/eigen-eigen-da9b4e14c255/build/CMakeFiles/CMakeTmp'
Makefile:126: recipe for target 'cmTC_6aa4b/fast' failed
make: *** [cmTC_6aa4b/fast] Error 2

File /home/yuzhang/Downloads/eigen-eigen-da9b4e14c255/build/CMakeFiles/CMakeTmp/CheckSymbolExists.cxx:
/* */
#include <QtCore/qglobal.h>

int main(int argc, char** argv)
{
  (void)argv;
#ifndef Q_WS_QWS
  return ((int*)(&Q_WS_QWS))[argc];
#else
  (void)argc;
  return 0;
#endif
}

Determining if the Q_WS_MAC exist failed with the following output:
Change Dir: /home/yuzhang/Downloads/eigen-eigen-da9b4e14c255/build/CMakeFiles/CMakeTmp

Run Build Command:"/usr/bin/make" "cmTC_3eacc/fast"
/usr/bin/make -f CMakeFiles/cmTC_3eacc.dir/build.make CMakeFiles/cmTC_3eacc.dir/build
make[1]: Entering directory '/home/yuzhang/Downloads/eigen-eigen-da9b4e14c255/build/CMakeFiles/CMakeTmp'
Building CXX object CMakeFiles/cmTC_3eacc.dir/CheckSymbolExists.cxx.o
/usr/bin/c++    -I/usr/include/qt4  -pedantic -Wall -Wextra -Wundef -Wcast-align -Wchar-subscripts -Wnon-virtual-dtor -Wunused-local-typedefs -Wpointer-arith -Wwrite-strings -Wformat-security -Wlogical-op -Wdouble-promotion -Wno-psabi -Wno-variadic-macros -Wno-long-long -fno-check-new -fno-common -fstrict-aliasing -ansi -O1 -g1    -o CMakeFiles/cmTC_3eacc.dir/CheckSymbolExists.cxx.o -c /home/yuzhang/Downloads/eigen-eigen-da9b4e14c255/build/CMakeFiles/CMakeTmp/CheckSymbolExists.cxx
/home/yuzhang/Downloads/eigen-eigen-da9b4e14c255/build/CMakeFiles/CMakeTmp/CheckSymbolExists.cxx: In function ‘int main(int, char**)’:
/home/yuzhang/Downloads/eigen-eigen-da9b4e14c255/build/CMakeFiles/CMakeTmp/CheckSymbolExists.cxx:8:19: error: ‘Q_WS_MAC’ was not declared in this scope
   return ((int*)(&Q_WS_MAC))[argc];
                   ^
CMakeFiles/cmTC_3eacc.dir/build.make:65: recipe for target 'CMakeFiles/cmTC_3eacc.dir/CheckSymbolExists.cxx.o' failed
make[1]: *** [CMakeFiles/cmTC_3eacc.dir/CheckSymbolExists.cxx.o] Error 1
make[1]: Leaving directory '/home/yuzhang/Downloads/eigen-eigen-da9b4e14c255/build/CMakeFiles/CMakeTmp'
Makefile:126: recipe for target 'cmTC_3eacc/fast' failed
make: *** [cmTC_3eacc/fast] Error 2

File /home/yuzhang/Downloads/eigen-eigen-da9b4e14c255/build/CMakeFiles/CMakeTmp/CheckSymbolExists.cxx:
/* */
#include <QtCore/qglobal.h>

int main(int argc, char** argv)
{
  (void)argv;
#ifndef Q_WS_MAC
  return ((int*)(&Q_WS_MAC))[argc];
#else
  (void)argc;
  return 0;
#endif
}

Determining if the pthread_create exist failed with the following output:
Change Dir: /home/yuzhang/Downloads/eigen-eigen-da9b4e14c255/build/CMakeFiles/CMakeTmp

Run Build Command:"/usr/bin/make" "cmTC_cbea2/fast"
/usr/bin/make -f CMakeFiles/cmTC_cbea2.dir/build.make CMakeFiles/cmTC_cbea2.dir/build
make[1]: Entering directory '/home/yuzhang/Downloads/eigen-eigen-da9b4e14c255/build/CMakeFiles/CMakeTmp'
Building C object CMakeFiles/cmTC_cbea2.dir/CheckSymbolExists.c.o
/usr/bin/cc     -o CMakeFiles/cmTC_cbea2.dir/CheckSymbolExists.c.o   -c /home/yuzhang/Downloads/eigen-eigen-da9b4e14c255/build/CMakeFiles/CMakeTmp/CheckSymbolExists.c
Linking C executable cmTC_cbea2
/usr/bin/cmake -E cmake_link_script CMakeFiles/cmTC_cbea2.dir/link.txt --verbose=1
/usr/bin/cc       CMakeFiles/cmTC_cbea2.dir/CheckSymbolExists.c.o  -o cmTC_cbea2 -rdynamic 
CMakeFiles/cmTC_cbea2.dir/CheckSymbolExists.c.o: In function `main':
CheckSymbolExists.c:(.text+0x16): undefined reference to `pthread_create'
collect2: error: ld returned 1 exit status
CMakeFiles/cmTC_cbea2.dir/build.make:97: recipe for target 'cmTC_cbea2' failed
make[1]: *** [cmTC_cbea2] Error 1
make[1]: Leaving directory '/home/yuzhang/Downloads/eigen-eigen-da9b4e14c255/build/CMakeFiles/CMakeTmp'
Makefile:126: recipe for target 'cmTC_cbea2/fast' failed
make: *** [cmTC_cbea2/fast] Error 2

File /home/yuzhang/Downloads/eigen-eigen-da9b4e14c255/build/CMakeFiles/CMakeTmp/CheckSymbolExists.c:
/* */
#include <pthread.h>

int main(int argc, char** argv)
{
  (void)argv;
#ifndef pthread_create
  return ((int*)(&pthread_create))[argc];
#else
  (void)argc;
  return 0;
#endif
}

Determining if the function pthread_create exists in the pthreads failed with the following output:
Change Dir: /home/yuzhang/Downloads/eigen-eigen-da9b4e14c255/build/CMakeFiles/CMakeTmp

Run Build Command:"/usr/bin/make" "cmTC_8f2d3/fast"
/usr/bin/make -f CMakeFiles/cmTC_8f2d3.dir/build.make CMakeFiles/cmTC_8f2d3.dir/build
make[1]: Entering directory '/home/yuzhang/Downloads/eigen-eigen-da9b4e14c255/build/CMakeFiles/CMakeTmp'
Building C object CMakeFiles/cmTC_8f2d3.dir/CheckFunctionExists.c.o
/usr/bin/cc    -DCHECK_FUNCTION_EXISTS=pthread_create   -o CMakeFiles/cmTC_8f2d3.dir/CheckFunctionExists.c.o   -c /usr/share/cmake-3.5/Modules/CheckFunctionExists.c
Linking C executable cmTC_8f2d3
/usr/bin/cmake -E cmake_link_script CMakeFiles/cmTC_8f2d3.dir/link.txt --verbose=1
/usr/bin/cc   -DCHECK_FUNCTION_EXISTS=pthread_create    CMakeFiles/cmTC_8f2d3.dir/CheckFunctionExists.c.o  -o cmTC_8f2d3 -rdynamic -lpthreads 
/usr/bin/ld: cannot find -lpthreads
collect2: error: ld returned 1 exit status
CMakeFiles/cmTC_8f2d3.dir/build.make:97: recipe for target 'cmTC_8f2d3' failed
make[1]: *** [cmTC_8f2d3] Error 1
make[1]: Leaving directory '/home/yuzhang/Downloads/eigen-eigen-da9b4e14c255/build/CMakeFiles/CMakeTmp'
Makefile:126: recipe for target 'cmTC_8f2d3/fast' failed
make: *** [cmTC_8f2d3/fast] Error 2


