Performing C++ SOURCE FILE Test COMPILER_SUPPORT_Wshorten64to32 failed with the following output:
Change Dir: /home/yuzhang/Desktop/project/siat_exo/src/eigen/CMakeFiles/CMakeTmp

Run Build Command:"/usr/bin/make" "cmTC_4764a/fast"
/usr/bin/make -f CMakeFiles/cmTC_4764a.dir/build.make CMakeFiles/cmTC_4764a.dir/build
make[1]: Entering directory '/home/yuzhang/Desktop/project/siat_exo/src/eigen/CMakeFiles/CMakeTmp'
Building CXX object CMakeFiles/cmTC_4764a.dir/src.cxx.o
/usr/bin/c++     -pedantic -Wall -Wextra -Wundef -Wcast-align -Wchar-subscripts -Wnon-virtual-dtor -Wunused-local-typedefs -Wpointer-arith -Wwrite-strings -Wformat-security -DCOMPILER_SUPPORT_Wshorten64to32 -Werror   -Wshorten-64-to-32 -o CMakeFiles/cmTC_4764a.dir/src.cxx.o -c /home/yuzhang/Desktop/project/siat_exo/src/eigen/CMakeFiles/CMakeTmp/src.cxx
c++: error: unrecognized command line option '-Wshorten-64-to-32'
CMakeFiles/cmTC_4764a.dir/build.make:65: recipe for target 'CMakeFiles/cmTC_4764a.dir/src.cxx.o' failed
make[1]: *** [CMakeFiles/cmTC_4764a.dir/src.cxx.o] Error 1
make[1]: Leaving directory '/home/yuzhang/Desktop/project/siat_exo/src/eigen/CMakeFiles/CMakeTmp'
Makefile:126: recipe for target 'cmTC_4764a/fast' failed
make: *** [cmTC_4764a/fast] Error 2

Source file was:
int main() { return 0; }
Performing C++ SOURCE FILE Test COMPILER_SUPPORT_Wenumconversion failed with the following output:
Change Dir: /home/yuzhang/Desktop/project/siat_exo/src/eigen/CMakeFiles/CMakeTmp

Run Build Command:"/usr/bin/make" "cmTC_ed163/fast"
/usr/bin/make -f CMakeFiles/cmTC_ed163.dir/build.make CMakeFiles/cmTC_ed163.dir/build
make[1]: Entering directory '/home/yuzhang/Desktop/project/siat_exo/src/eigen/CMakeFiles/CMakeTmp'
Building CXX object CMakeFiles/cmTC_ed163.dir/src.cxx.o
/usr/bin/c++     -pedantic -Wall -Wextra -Wundef -Wcast-align -Wchar-subscripts -Wnon-virtual-dtor -Wunused-local-typedefs -Wpointer-arith -Wwrite-strings -Wformat-security -Wlogical-op -DCOMPILER_SUPPORT_Wenumconversion -Werror   -Wenum-conversion -o CMakeFiles/cmTC_ed163.dir/src.cxx.o -c /home/yuzhang/Desktop/project/siat_exo/src/eigen/CMakeFiles/CMakeTmp/src.cxx
c++: error: unrecognized command line option '-Wenum-conversion'
CMakeFiles/cmTC_ed163.dir/build.make:65: recipe for target 'CMakeFiles/cmTC_ed163.dir/src.cxx.o' failed
make[1]: *** [CMakeFiles/cmTC_ed163.dir/src.cxx.o] Error 1
make[1]: Leaving directory '/home/yuzhang/Desktop/project/siat_exo/src/eigen/CMakeFiles/CMakeTmp'
Makefile:126: recipe for target 'cmTC_ed163/fast' failed
make: *** [cmTC_ed163/fast] Error 2

Source file was:
int main() { return 0; }
Performing C++ SOURCE FILE Test COMPILER_SUPPORT_Wcpp11extensions failed with the following output:
Change Dir: /home/yuzhang/Desktop/project/siat_exo/src/eigen/CMakeFiles/CMakeTmp

Run Build Command:"/usr/bin/make" "cmTC_294ca/fast"
/usr/bin/make -f CMakeFiles/cmTC_294ca.dir/build.make CMakeFiles/cmTC_294ca.dir/build
make[1]: Entering directory '/home/yuzhang/Desktop/project/siat_exo/src/eigen/CMakeFiles/CMakeTmp'
Building CXX object CMakeFiles/cmTC_294ca.dir/src.cxx.o
/usr/bin/c++     -pedantic -Wall -Wextra -Wundef -Wcast-align -Wchar-subscripts -Wnon-virtual-dtor -Wunused-local-typedefs -Wpointer-arith -Wwrite-strings -Wformat-security -Wlogical-op -DCOMPILER_SUPPORT_Wcpp11extensions -Werror   -Wc++11-extensions -o CMakeFiles/cmTC_294ca.dir/src.cxx.o -c /home/yuzhang/Desktop/project/siat_exo/src/eigen/CMakeFiles/CMakeTmp/src.cxx
c++: error: unrecognized command line option '-Wc++11-extensions'
CMakeFiles/cmTC_294ca.dir/build.make:65: recipe for target 'CMakeFiles/cmTC_294ca.dir/src.cxx.o' failed
make[1]: *** [CMakeFiles/cmTC_294ca.dir/src.cxx.o] Error 1
make[1]: Leaving directory '/home/yuzhang/Desktop/project/siat_exo/src/eigen/CMakeFiles/CMakeTmp'
Makefile:126: recipe for target 'cmTC_294ca/fast' failed
make: *** [cmTC_294ca/fast] Error 2

Source file was:
int main() { return 0; }
Performing C++ SOURCE FILE Test COMPILER_SUPPORT_wd981 failed with the following output:
Change Dir: /home/yuzhang/Desktop/project/siat_exo/src/eigen/CMakeFiles/CMakeTmp

Run Build Command:"/usr/bin/make" "cmTC_7bd5d/fast"
/usr/bin/make -f CMakeFiles/cmTC_7bd5d.dir/build.make CMakeFiles/cmTC_7bd5d.dir/build
make[1]: Entering directory '/home/yuzhang/Desktop/project/siat_exo/src/eigen/CMakeFiles/CMakeTmp'
Building CXX object CMakeFiles/cmTC_7bd5d.dir/src.cxx.o
/usr/bin/c++     -pedantic -Wall -Wextra -Wundef -Wcast-align -Wchar-subscripts -Wnon-virtual-dtor -Wunused-local-typedefs -Wpointer-arith -Wwrite-strings -Wformat-security -Wlogical-op -Wdouble-promotion -Wno-psabi -Wno-variadic-macros -Wno-long-long -fno-check-new -fno-common -fstrict-aliasing -DCOMPILER_SUPPORT_wd981 -Werror   -wd981 -o CMakeFiles/cmTC_7bd5d.dir/src.cxx.o -c /home/yuzhang/Desktop/project/siat_exo/src/eigen/CMakeFiles/CMakeTmp/src.cxx
c++: error: unrecognized command line option '-wd981'
CMakeFiles/cmTC_7bd5d.dir/build.make:65: recipe for target 'CMakeFiles/cmTC_7bd5d.dir/src.cxx.o' failed
make[1]: *** [CMakeFiles/cmTC_7bd5d.dir/src.cxx.o] Error 1
make[1]: Leaving directory '/home/yuzhang/Desktop/project/siat_exo/src/eigen/CMakeFiles/CMakeTmp'
Makefile:126: recipe for target 'cmTC_7bd5d/fast' failed
make: *** [cmTC_7bd5d/fast] Error 2

Source file was:
int main() { return 0; }
Performing C++ SOURCE FILE Test COMPILER_SUPPORT_wd2304 failed with the following output:
Change Dir: /home/yuzhang/Desktop/project/siat_exo/src/eigen/CMakeFiles/CMakeTmp

Run Build Command:"/usr/bin/make" "cmTC_5357e/fast"
/usr/bin/make -f CMakeFiles/cmTC_5357e.dir/build.make CMakeFiles/cmTC_5357e.dir/build
make[1]: Entering directory '/home/yuzhang/Desktop/project/siat_exo/src/eigen/CMakeFiles/CMakeTmp'
Building CXX object CMakeFiles/cmTC_5357e.dir/src.cxx.o
/usr/bin/c++     -pedantic -Wall -Wextra -Wundef -Wcast-align -Wchar-subscripts -Wnon-virtual-dtor -Wunused-local-typedefs -Wpointer-arith -Wwrite-strings -Wformat-security -Wlogical-op -Wdouble-promotion -Wno-psabi -Wno-variadic-macros -Wno-long-long -fno-check-new -fno-common -fstrict-aliasing -DCOMPILER_SUPPORT_wd2304 -Werror   -wd2304 -o CMakeFiles/cmTC_5357e.dir/src.cxx.o -c /home/yuzhang/Desktop/project/siat_exo/src/eigen/CMakeFiles/CMakeTmp/src.cxx
c++: error: unrecognized command line option '-wd2304'
CMakeFiles/cmTC_5357e.dir/build.make:65: recipe for target 'CMakeFiles/cmTC_5357e.dir/src.cxx.o' failed
make[1]: *** [CMakeFiles/cmTC_5357e.dir/src.cxx.o] Error 1
make[1]: Leaving directory '/home/yuzhang/Desktop/project/siat_exo/src/eigen/CMakeFiles/CMakeTmp'
Makefile:126: recipe for target 'cmTC_5357e/fast' failed
make: *** [cmTC_5357e/fast] Error 2

Source file was:
int main() { return 0; }
Performing C++ SOURCE FILE Test COMPILER_SUPPORT_STRICTANSI failed with the following output:
Change Dir: /home/yuzhang/Desktop/project/siat_exo/src/eigen/CMakeFiles/CMakeTmp

Run Build Command:"/usr/bin/make" "cmTC_3748d/fast"
/usr/bin/make -f CMakeFiles/cmTC_3748d.dir/build.make CMakeFiles/cmTC_3748d.dir/build
make[1]: Entering directory '/home/yuzhang/Desktop/project/siat_exo/src/eigen/CMakeFiles/CMakeTmp'
Building CXX object CMakeFiles/cmTC_3748d.dir/src.cxx.o
/usr/bin/c++     -pedantic -Wall -Wextra -Wundef -Wcast-align -Wchar-subscripts -Wnon-virtual-dtor -Wunused-local-typedefs -Wpointer-arith -Wwrite-strings -Wformat-security -Wlogical-op -Wdouble-promotion -Wno-psabi -Wno-variadic-macros -Wno-long-long -fno-check-new -fno-common -fstrict-aliasing -DCOMPILER_SUPPORT_STRICTANSI -Werror   -strict-ansi -o CMakeFiles/cmTC_3748d.dir/src.cxx.o -c /home/yuzhang/Desktop/project/siat_exo/src/eigen/CMakeFiles/CMakeTmp/src.cxx
c++: error: unrecognized command line option '-strict-ansi'
CMakeFiles/cmTC_3748d.dir/build.make:65: recipe for target 'CMakeFiles/cmTC_3748d.dir/src.cxx.o' failed
make[1]: *** [CMakeFiles/cmTC_3748d.dir/src.cxx.o] Error 1
make[1]: Leaving directory '/home/yuzhang/Desktop/project/siat_exo/src/eigen/CMakeFiles/CMakeTmp'
Makefile:126: recipe for target 'cmTC_3748d/fast' failed
make: *** [cmTC_3748d/fast] Error 2

Source file was:
int main() { return 0; }
Performing C++ SOURCE FILE Test COMPILER_SUPPORT_Qunusedarguments failed with the following output:
Change Dir: /home/yuzhang/Desktop/project/siat_exo/src/eigen/CMakeFiles/CMakeTmp

Run Build Command:"/usr/bin/make" "cmTC_dd397/fast"
/usr/bin/make -f CMakeFiles/cmTC_dd397.dir/build.make CMakeFiles/cmTC_dd397.dir/build
make[1]: Entering directory '/home/yuzhang/Desktop/project/siat_exo/src/eigen/CMakeFiles/CMakeTmp'
Building CXX object CMakeFiles/cmTC_dd397.dir/src.cxx.o
/usr/bin/c++     -pedantic -Wall -Wextra -Wundef -Wcast-align -Wchar-subscripts -Wnon-virtual-dtor -Wunused-local-typedefs -Wpointer-arith -Wwrite-strings -Wformat-security -Wlogical-op -Wdouble-promotion -Wno-psabi -Wno-variadic-macros -Wno-long-long -fno-check-new -fno-common -fstrict-aliasing -DCOMPILER_SUPPORT_Qunusedarguments -Werror   -Qunused-arguments -o CMakeFiles/cmTC_dd397.dir/src.cxx.o -c /home/yuzhang/Desktop/project/siat_exo/src/eigen/CMakeFiles/CMakeTmp/src.cxx
c++: error: unrecognized command line option '-Qunused-arguments'
CMakeFiles/cmTC_dd397.dir/build.make:65: recipe for target 'CMakeFiles/cmTC_dd397.dir/src.cxx.o' failed
make[1]: *** [CMakeFiles/cmTC_dd397.dir/src.cxx.o] Error 1
make[1]: Leaving directory '/home/yuzhang/Desktop/project/siat_exo/src/eigen/CMakeFiles/CMakeTmp'
Makefile:126: recipe for target 'cmTC_dd397/fast' failed
make: *** [cmTC_dd397/fast] Error 2

Source file was:
int main() { return 0; }
Determining if the Q_WS_WIN exist failed with the following output:
Change Dir: /home/yuzhang/Desktop/project/siat_exo/src/eigen/CMakeFiles/CMakeTmp

Run Build Command:"/usr/bin/make" "cmTC_0d3fd/fast"
/usr/bin/make -f CMakeFiles/cmTC_0d3fd.dir/build.make CMakeFiles/cmTC_0d3fd.dir/build
make[1]: Entering directory '/home/yuzhang/Desktop/project/siat_exo/src/eigen/CMakeFiles/CMakeTmp'
Building CXX object CMakeFiles/cmTC_0d3fd.dir/CheckSymbolExists.cxx.o
/usr/bin/c++    -I/usr/include/qt4  -pedantic -Wall -Wextra -Wundef -Wcast-align -Wchar-subscripts -Wnon-virtual-dtor -Wunused-local-typedefs -Wpointer-arith -Wwrite-strings -Wformat-security -Wlogical-op -Wdouble-promotion -Wno-psabi -Wno-variadic-macros -Wno-long-long -fno-check-new -fno-common -fstrict-aliasing -ansi -O1 -g1    -o CMakeFiles/cmTC_0d3fd.dir/CheckSymbolExists.cxx.o -c /home/yuzhang/Desktop/project/siat_exo/src/eigen/CMakeFiles/CMakeTmp/CheckSymbolExists.cxx
/home/yuzhang/Desktop/project/siat_exo/src/eigen/CMakeFiles/CMakeTmp/CheckSymbolExists.cxx: In function ‘int main(int, char**)’:
/home/yuzhang/Desktop/project/siat_exo/src/eigen/CMakeFiles/CMakeTmp/CheckSymbolExists.cxx:8:19: error: ‘Q_WS_WIN’ was not declared in this scope
   return ((int*)(&Q_WS_WIN))[argc];
                   ^
CMakeFiles/cmTC_0d3fd.dir/build.make:65: recipe for target 'CMakeFiles/cmTC_0d3fd.dir/CheckSymbolExists.cxx.o' failed
make[1]: *** [CMakeFiles/cmTC_0d3fd.dir/CheckSymbolExists.cxx.o] Error 1
make[1]: Leaving directory '/home/yuzhang/Desktop/project/siat_exo/src/eigen/CMakeFiles/CMakeTmp'
Makefile:126: recipe for target 'cmTC_0d3fd/fast' failed
make: *** [cmTC_0d3fd/fast] Error 2

File /home/yuzhang/Desktop/project/siat_exo/src/eigen/CMakeFiles/CMakeTmp/CheckSymbolExists.cxx:
/* */
#include <QtCore/qglobal.h>

int main(int argc, char** argv)
{
  (void)argv;
#ifndef Q_WS_WIN
  return ((int*)(&Q_WS_WIN))[argc];
#else
  (void)argc;
  return 0;
#endif
}

Determining if the Q_WS_QWS exist failed with the following output:
Change Dir: /home/yuzhang/Desktop/project/siat_exo/src/eigen/CMakeFiles/CMakeTmp

Run Build Command:"/usr/bin/make" "cmTC_e857d/fast"
/usr/bin/make -f CMakeFiles/cmTC_e857d.dir/build.make CMakeFiles/cmTC_e857d.dir/build
make[1]: Entering directory '/home/yuzhang/Desktop/project/siat_exo/src/eigen/CMakeFiles/CMakeTmp'
Building CXX object CMakeFiles/cmTC_e857d.dir/CheckSymbolExists.cxx.o
/usr/bin/c++    -I/usr/include/qt4  -pedantic -Wall -Wextra -Wundef -Wcast-align -Wchar-subscripts -Wnon-virtual-dtor -Wunused-local-typedefs -Wpointer-arith -Wwrite-strings -Wformat-security -Wlogical-op -Wdouble-promotion -Wno-psabi -Wno-variadic-macros -Wno-long-long -fno-check-new -fno-common -fstrict-aliasing -ansi -O1 -g1    -o CMakeFiles/cmTC_e857d.dir/CheckSymbolExists.cxx.o -c /home/yuzhang/Desktop/project/siat_exo/src/eigen/CMakeFiles/CMakeTmp/CheckSymbolExists.cxx
/home/yuzhang/Desktop/project/siat_exo/src/eigen/CMakeFiles/CMakeTmp/CheckSymbolExists.cxx: In function ‘int main(int, char**)’:
/home/yuzhang/Desktop/project/siat_exo/src/eigen/CMakeFiles/CMakeTmp/CheckSymbolExists.cxx:8:19: error: ‘Q_WS_QWS’ was not declared in this scope
   return ((int*)(&Q_WS_QWS))[argc];
                   ^
CMakeFiles/cmTC_e857d.dir/build.make:65: recipe for target 'CMakeFiles/cmTC_e857d.dir/CheckSymbolExists.cxx.o' failed
make[1]: *** [CMakeFiles/cmTC_e857d.dir/CheckSymbolExists.cxx.o] Error 1
make[1]: Leaving directory '/home/yuzhang/Desktop/project/siat_exo/src/eigen/CMakeFiles/CMakeTmp'
Makefile:126: recipe for target 'cmTC_e857d/fast' failed
make: *** [cmTC_e857d/fast] Error 2

File /home/yuzhang/Desktop/project/siat_exo/src/eigen/CMakeFiles/CMakeTmp/CheckSymbolExists.cxx:
/* */
#include <QtCore/qglobal.h>

int main(int argc, char** argv)
{
  (void)argv;
#ifndef Q_WS_QWS
  return ((int*)(&Q_WS_QWS))[argc];
#else
  (void)argc;
  return 0;
#endif
}

Determining if the Q_WS_MAC exist failed with the following output:
Change Dir: /home/yuzhang/Desktop/project/siat_exo/src/eigen/CMakeFiles/CMakeTmp

Run Build Command:"/usr/bin/make" "cmTC_727ae/fast"
/usr/bin/make -f CMakeFiles/cmTC_727ae.dir/build.make CMakeFiles/cmTC_727ae.dir/build
make[1]: Entering directory '/home/yuzhang/Desktop/project/siat_exo/src/eigen/CMakeFiles/CMakeTmp'
Building CXX object CMakeFiles/cmTC_727ae.dir/CheckSymbolExists.cxx.o
/usr/bin/c++    -I/usr/include/qt4  -pedantic -Wall -Wextra -Wundef -Wcast-align -Wchar-subscripts -Wnon-virtual-dtor -Wunused-local-typedefs -Wpointer-arith -Wwrite-strings -Wformat-security -Wlogical-op -Wdouble-promotion -Wno-psabi -Wno-variadic-macros -Wno-long-long -fno-check-new -fno-common -fstrict-aliasing -ansi -O1 -g1    -o CMakeFiles/cmTC_727ae.dir/CheckSymbolExists.cxx.o -c /home/yuzhang/Desktop/project/siat_exo/src/eigen/CMakeFiles/CMakeTmp/CheckSymbolExists.cxx
/home/yuzhang/Desktop/project/siat_exo/src/eigen/CMakeFiles/CMakeTmp/CheckSymbolExists.cxx: In function ‘int main(int, char**)’:
/home/yuzhang/Desktop/project/siat_exo/src/eigen/CMakeFiles/CMakeTmp/CheckSymbolExists.cxx:8:19: error: ‘Q_WS_MAC’ was not declared in this scope
   return ((int*)(&Q_WS_MAC))[argc];
                   ^
CMakeFiles/cmTC_727ae.dir/build.make:65: recipe for target 'CMakeFiles/cmTC_727ae.dir/CheckSymbolExists.cxx.o' failed
make[1]: *** [CMakeFiles/cmTC_727ae.dir/CheckSymbolExists.cxx.o] Error 1
make[1]: Leaving directory '/home/yuzhang/Desktop/project/siat_exo/src/eigen/CMakeFiles/CMakeTmp'
Makefile:126: recipe for target 'cmTC_727ae/fast' failed
make: *** [cmTC_727ae/fast] Error 2

File /home/yuzhang/Desktop/project/siat_exo/src/eigen/CMakeFiles/CMakeTmp/CheckSymbolExists.cxx:
/* */
#include <QtCore/qglobal.h>

int main(int argc, char** argv)
{
  (void)argv;
#ifndef Q_WS_MAC
  return ((int*)(&Q_WS_MAC))[argc];
#else
  (void)argc;
  return 0;
#endif
}

Determining if the pthread_create exist failed with the following output:
Change Dir: /home/yuzhang/Desktop/project/siat_exo/src/eigen/CMakeFiles/CMakeTmp

Run Build Command:"/usr/bin/make" "cmTC_cf60c/fast"
/usr/bin/make -f CMakeFiles/cmTC_cf60c.dir/build.make CMakeFiles/cmTC_cf60c.dir/build
make[1]: Entering directory '/home/yuzhang/Desktop/project/siat_exo/src/eigen/CMakeFiles/CMakeTmp'
Building C object CMakeFiles/cmTC_cf60c.dir/CheckSymbolExists.c.o
/usr/bin/cc     -o CMakeFiles/cmTC_cf60c.dir/CheckSymbolExists.c.o   -c /home/yuzhang/Desktop/project/siat_exo/src/eigen/CMakeFiles/CMakeTmp/CheckSymbolExists.c
Linking C executable cmTC_cf60c
/usr/bin/cmake -E cmake_link_script CMakeFiles/cmTC_cf60c.dir/link.txt --verbose=1
/usr/bin/cc       CMakeFiles/cmTC_cf60c.dir/CheckSymbolExists.c.o  -o cmTC_cf60c -rdynamic 
CMakeFiles/cmTC_cf60c.dir/CheckSymbolExists.c.o: In function `main':
CheckSymbolExists.c:(.text+0x16): undefined reference to `pthread_create'
collect2: error: ld returned 1 exit status
CMakeFiles/cmTC_cf60c.dir/build.make:97: recipe for target 'cmTC_cf60c' failed
make[1]: *** [cmTC_cf60c] Error 1
make[1]: Leaving directory '/home/yuzhang/Desktop/project/siat_exo/src/eigen/CMakeFiles/CMakeTmp'
Makefile:126: recipe for target 'cmTC_cf60c/fast' failed
make: *** [cmTC_cf60c/fast] Error 2

File /home/yuzhang/Desktop/project/siat_exo/src/eigen/CMakeFiles/CMakeTmp/CheckSymbolExists.c:
/* */
#include <pthread.h>

int main(int argc, char** argv)
{
  (void)argv;
#ifndef pthread_create
  return ((int*)(&pthread_create))[argc];
#else
  (void)argc;
  return 0;
#endif
}

Determining if the function pthread_create exists in the pthreads failed with the following output:
Change Dir: /home/yuzhang/Desktop/project/siat_exo/src/eigen/CMakeFiles/CMakeTmp

Run Build Command:"/usr/bin/make" "cmTC_3fd87/fast"
/usr/bin/make -f CMakeFiles/cmTC_3fd87.dir/build.make CMakeFiles/cmTC_3fd87.dir/build
make[1]: Entering directory '/home/yuzhang/Desktop/project/siat_exo/src/eigen/CMakeFiles/CMakeTmp'
Building C object CMakeFiles/cmTC_3fd87.dir/CheckFunctionExists.c.o
/usr/bin/cc    -DCHECK_FUNCTION_EXISTS=pthread_create   -o CMakeFiles/cmTC_3fd87.dir/CheckFunctionExists.c.o   -c /usr/share/cmake-3.5/Modules/CheckFunctionExists.c
Linking C executable cmTC_3fd87
/usr/bin/cmake -E cmake_link_script CMakeFiles/cmTC_3fd87.dir/link.txt --verbose=1
/usr/bin/cc   -DCHECK_FUNCTION_EXISTS=pthread_create    CMakeFiles/cmTC_3fd87.dir/CheckFunctionExists.c.o  -o cmTC_3fd87 -rdynamic -lpthreads 
/usr/bin/ld: cannot find -lpthreads
collect2: error: ld returned 1 exit status
CMakeFiles/cmTC_3fd87.dir/build.make:97: recipe for target 'cmTC_3fd87' failed
make[1]: *** [cmTC_3fd87] Error 1
make[1]: Leaving directory '/home/yuzhang/Desktop/project/siat_exo/src/eigen/CMakeFiles/CMakeTmp'
Makefile:126: recipe for target 'cmTC_3fd87/fast' failed
make: *** [cmTC_3fd87/fast] Error 2


